<?xml version="1.0" encoding="UTF-8"?>
<testng-results skipped="0" failed="1" ignored="0" total="8" passed="7">
  <reporter-output>
  </reporter-output>
  <suite name="Suite" duration-ms="26361" started-at="2020-05-11T15:11:08 CEST" finished-at="2020-05-11T15:11:34 CEST">
    <groups>
    </groups>
    <test name="Validate Home page " duration-ms="26361" started-at="2020-05-11T15:11:08 CEST" finished-at="2020-05-11T15:11:34 CEST">
      <class name="TestSuite.ValidationHomePage">
        <test-method status="PASS" signature="basePageNavigation()[pri:0, instance:TestSuite.ValidationHomePage@70e9c95d]" name="basePageNavigation" is-config="true" duration-ms="16248" started-at="2020-05-11T15:11:08 CEST" finished-at="2020-05-11T15:11:24 CEST">
          <reporter-output>
          </reporter-output>
        </test-method> <!-- basePageNavigation -->
        <test-method status="PASS" signature="checkNewletters()[pri:0, instance:TestSuite.ValidationHomePage@70e9c95d]" name="checkNewletters" duration-ms="8767" started-at="2020-05-11T15:11:24 CEST" finished-at="2020-05-11T15:11:33 CEST">
          <reporter-output>
          </reporter-output>
        </test-method> <!-- checkNewletters -->
        <test-method status="PASS" signature="testAllCourses()[pri:0, instance:TestSuite.ValidationHomePage@70e9c95d]" name="testAllCourses" duration-ms="44" started-at="2020-05-11T15:11:33 CEST" finished-at="2020-05-11T15:11:33 CEST">
          <reporter-output>
          </reporter-output>
        </test-method> <!-- testAllCourses -->
        <test-method status="PASS" signature="validateEmail()[pri:0, instance:TestSuite.ValidationHomePage@70e9c95d]" name="validateEmail" duration-ms="77" started-at="2020-05-11T15:11:33 CEST" finished-at="2020-05-11T15:11:33 CEST">
          <reporter-output>
          </reporter-output>
        </test-method> <!-- validateEmail -->
        <test-method status="PASS" signature="validateFirsttextOfHeder()[pri:0, instance:TestSuite.ValidationHomePage@70e9c95d]" name="validateFirsttextOfHeder" duration-ms="43" started-at="2020-05-11T15:11:33 CEST" finished-at="2020-05-11T15:11:33 CEST">
          <reporter-output>
          </reporter-output>
        </test-method> <!-- validateFirsttextOfHeder -->
        <test-method status="FAIL" signature="validateFooter()[pri:0, instance:TestSuite.ValidationHomePage@70e9c95d]" name="validateFooter" duration-ms="49" started-at="2020-05-11T15:11:33 CEST" finished-at="2020-05-11T15:11:33 CEST">
          <exception class="java.lang.AssertionError">
            <message>
              <![CDATA[expected [SELF PACED ONLINE TRAINING1] but found [SELF PACED ONLINE TRAINING]]]>
            </message>
            <full-stacktrace>
              <![CDATA[java.lang.AssertionError: expected [SELF PACED ONLINE TRAINING1] but found [SELF PACED ONLINE TRAINING]
at org.testng.Assert.fail(Assert.java:97)
at org.testng.Assert.assertEqualsImpl(Assert.java:136)
at org.testng.Assert.assertEquals(Assert.java:118)
at org.testng.Assert.assertEquals(Assert.java:575)
at org.testng.Assert.assertEquals(Assert.java:585)
at TestSuite.ValidationHomePage.validateFooter(ValidationHomePage.java:102)
at sun.reflect.NativeMethodAccessorImpl.invoke0(Native Method)
at sun.reflect.NativeMethodAccessorImpl.invoke(NativeMethodAccessorImpl.java:62)
at sun.reflect.DelegatingMethodAccessorImpl.invoke(DelegatingMethodAccessorImpl.java:43)
at java.lang.reflect.Method.invoke(Method.java:498)
at org.testng.internal.MethodInvocationHelper.invokeMethod(MethodInvocationHelper.java:134)
at org.testng.internal.TestInvoker.invokeMethod(TestInvoker.java:597)
at org.testng.internal.TestInvoker.invokeTestMethod(TestInvoker.java:173)
at org.testng.internal.MethodRunner.runInSequence(MethodRunner.java:46)
at org.testng.internal.TestInvoker$MethodInvocationAgent.invoke(TestInvoker.java:816)
at org.testng.internal.TestInvoker.invokeTestMethods(TestInvoker.java:146)
at org.testng.internal.TestMethodWorker.invokeTestMethods(TestMethodWorker.java:146)
at org.testng.internal.TestMethodWorker.run(TestMethodWorker.java:128)
at java.util.ArrayList.forEach(ArrayList.java:1257)
at org.testng.TestRunner.privateRun(TestRunner.java:766)
at org.testng.TestRunner.run(TestRunner.java:587)
at org.testng.SuiteRunner.runTest(SuiteRunner.java:384)
at org.testng.SuiteRunner.runSequentially(SuiteRunner.java:378)
at org.testng.SuiteRunner.privateRun(SuiteRunner.java:337)
at org.testng.SuiteRunner.run(SuiteRunner.java:286)
at org.testng.SuiteRunnerWorker.runSuite(SuiteRunnerWorker.java:53)
at org.testng.SuiteRunnerWorker.run(SuiteRunnerWorker.java:96)
at org.testng.TestNG.runSuitesSequentially(TestNG.java:1187)
at org.testng.TestNG.runSuitesLocally(TestNG.java:1109)
at org.testng.TestNG.runSuites(TestNG.java:1039)
at org.testng.TestNG.run(TestNG.java:1007)
at org.testng.remote.AbstractRemoteTestNG.run(AbstractRemoteTestNG.java:115)
at org.testng.remote.RemoteTestNG.initAndRun(RemoteTestNG.java:251)
at org.testng.remote.RemoteTestNG.main(RemoteTestNG.java:77)
]]>
            </full-stacktrace>
          </exception> <!-- java.lang.AssertionError -->
          <reporter-output>
          </reporter-output>
        </test-method> <!-- validateFooter -->
        <test-method status="PASS" signature="validateNavigationBar()[pri:0, instance:TestSuite.ValidationHomePage@70e9c95d]" name="validateNavigationBar" duration-ms="53" started-at="2020-05-11T15:11:34 CEST" finished-at="2020-05-11T15:11:34 CEST">
          <reporter-output>
          </reporter-output>
        </test-method> <!-- validateNavigationBar -->
        <test-method status="PASS" signature="validatePhoneNumber()[pri:0, instance:TestSuite.ValidationHomePage@70e9c95d]" name="validatePhoneNumber" duration-ms="67" started-at="2020-05-11T15:11:34 CEST" finished-at="2020-05-11T15:11:34 CEST">
          <reporter-output>
          </reporter-output>
        </test-method> <!-- validatePhoneNumber -->
        <test-method status="PASS" signature="validateSecondtextOfHeder()[pri:0, instance:TestSuite.ValidationHomePage@70e9c95d]" name="validateSecondtextOfHeder" duration-ms="39" started-at="2020-05-11T15:11:34 CEST" finished-at="2020-05-11T15:11:34 CEST">
          <reporter-output>
          </reporter-output>
        </test-method> <!-- validateSecondtextOfHeder -->
        <test-method status="PASS" signature="teardown()[pri:0, instance:TestSuite.ValidationHomePage@70e9c95d]" name="teardown" is-config="true" duration-ms="114" started-at="2020-05-11T15:11:34 CEST" finished-at="2020-05-11T15:11:34 CEST">
          <reporter-output>
          </reporter-output>
        </test-method> <!-- teardown -->
      </class> <!-- TestSuite.ValidationHomePage -->
    </test> <!-- Validate Home page  -->
  </suite> <!-- Suite -->
</testng-results>
